<?xml version="1.0" encoding="UTF-8"?>
<!-- Generated by org.testng.reporters.JUnitXMLReporter -->
<testsuite ignored="0" hostname="DESKTOP-6BJI3SN" failures="0" tests="1" name="AppTest" time="300.751" errors="0" timestamp="02 May 2019 11:04:55 GMT">
  <testcase classname="MavenTest.EFORMS.EFTP95" name="@BeforeMethod setUp" time="300.622">
    <failure type="org.openqa.selenium.SessionNotCreatedException" message="Unable to create a new remote session. Please check the server log for more details. Original error: session not created (Call to lock device failed) 
Command duration or timeout: 300.12 seconds
Build info: version: &amp;apos;3.141.59&amp;apos;, revision: &amp;apos;e82be7d358&amp;apos;, time: &amp;apos;2018-11-14T08:25:53&amp;apos;
System info: host: &amp;apos;DESKTOP-6BJI3SN&amp;apos;, ip: &amp;apos;192.168.30.106&amp;apos;, os.name: &amp;apos;Windows 10&amp;apos;, os.arch: &amp;apos;amd64&amp;apos;, os.version: &amp;apos;10.0&amp;apos;, java.version: &amp;apos;11.0.2&amp;apos;
Driver info: driver.version: AndroidDriver">
      <![CDATA[org.openqa.selenium.SessionNotCreatedException: Unable to create a new remote session. Please check the server log for more details. Original error: session not created (Call to lock device failed) 
Command duration or timeout: 300.12 seconds
Build info: version: '3.141.59', revision: 'e82be7d358', time: '2018-11-14T08:25:53'
System info: host: 'DESKTOP-6BJI3SN', ip: '192.168.30.106', os.name: 'Windows 10', os.arch: 'amd64', os.version: '10.0', java.version: '11.0.2'
Driver info: driver.version: AndroidDriver
at io.appium.java_client.remote.AppiumCommandExecutor$1.createSession(AppiumCommandExecutor.java:208)
at io.appium.java_client.remote.AppiumCommandExecutor.createSession(AppiumCommandExecutor.java:217)
at io.appium.java_client.remote.AppiumCommandExecutor.execute(AppiumCommandExecutor.java:239)
at org.openqa.selenium.remote.RemoteWebDriver.execute(RemoteWebDriver.java:552)
at io.appium.java_client.DefaultGenericMobileDriver.execute(DefaultGenericMobileDriver.java:42)
at io.appium.java_client.AppiumDriver.execute(AppiumDriver.java:1)
at io.appium.java_client.android.AndroidDriver.execute(AndroidDriver.java:1)
at org.openqa.selenium.remote.RemoteWebDriver.startSession(RemoteWebDriver.java:213)
at org.openqa.selenium.remote.RemoteWebDriver.<init>(RemoteWebDriver.java:131)
at io.appium.java_client.DefaultGenericMobileDriver.<init>(DefaultGenericMobileDriver.java:38)
at io.appium.java_client.AppiumDriver.<init>(AppiumDriver.java:84)
at io.appium.java_client.AppiumDriver.<init>(AppiumDriver.java:94)
at io.appium.java_client.android.AndroidDriver.<init>(AndroidDriver.java:95)
at MavenTest.EFORMS.EFTP95.setUp(EFTP95.java:33)
at io.appium.java_client.remote.AppiumCommandExecutor$1.createSession(AppiumCommandExecutor.java:186)
... 41 more
Caused by: org.openqa.selenium.SessionNotCreatedException: session not created (Call to lock device failed) 
Command duration or timeout: 300.12 seconds
at org.openqa.selenium.remote.ErrorHandler.createThrowable(ErrorHandler.java:214)
at org.openqa.selenium.remote.ErrorHandler.throwIfResponseFailed(ErrorHandler.java:166)
at org.openqa.selenium.remote.JsonWireProtocolResponse.lambda$errorHandler$0(JsonWireProtocolResponse.java:54)
at org.openqa.selenium.remote.HandshakeResponse.lambda$getResponseFunction$0(HandshakeResponse.java:30)
at org.openqa.selenium.remote.ProtocolHandshake.lambda$createSession$0(ProtocolHandshake.java:126)
at java.base/java.util.stream.ReferencePipeline$3$1.accept(ReferencePipeline.java:195)
at java.base/java.util.Spliterators$ArraySpliterator.tryAdvance(Spliterators.java:958)
at java.base/java.util.stream.ReferencePipeline.forEachWithCancel(ReferencePipeline.java:127)
at java.base/java.util.stream.AbstractPipeline.copyIntoWithCancel(AbstractPipeline.java:502)
at java.base/java.util.stream.AbstractPipeline.copyInto(AbstractPipeline.java:488)
at java.base/java.util.stream.AbstractPipeline.wrapAndCopyInto(AbstractPipeline.java:474)
at java.base/java.util.stream.FindOps$FindOp.evaluateSequential(FindOps.java:150)
at java.base/java.util.stream.AbstractPipeline.evaluate(AbstractPipeline.java:234)
at java.base/java.util.stream.ReferencePipeline.findFirst(ReferencePipeline.java:543)
at org.openqa.selenium.remote.ProtocolHandshake.createSession(ProtocolHandshake.java:128)
... 46 more
Caused by: org.openqa.selenium.SessionNotCreatedException: session not created (Call to lock device failed) 
Build info: version: '3.141.59', revision: 'e82be7d358', time: '2018-11-14T08:25:53'
System info: host: 'DESKTOP-6BJI3SN', ip: '192.168.30.106', os.name: 'Windows 10', os.arch: 'amd64', os.version: '10.0', java.version: '11.0.2'
Driver info: driver.version: unknown
at java.util.concurrent.FutureTask.get(Unknown Source)
at com.experitest.image.agent.appium.http.AppiumInitSessionCommandHandler.handle(AppiumInitSessionCommandHandler.java:120)
at org.restlet.routing.Filter.doHandle(Filter.java:150)
at org.restlet.routing.Filter.handle(Filter.java:197)
at org.restlet.routing.Router.doHandle(Router.java:422)
at org.restlet.routing.Router.handle(Router.java:641)
at org.restlet.routing.Filter.doHandle(Filter.java:150)
at org.restlet.routing.Filter.handle(Filter.java:197)
at org.restlet.routing.Router.doHandle(Router.java:422)
at org.restlet.routing.Router.handle(Router.java:641)
at org.restlet.routing.Filter.doHandle(Filter.java:150)
at org.restlet.routing.Filter.handle(Filter.java:197)
at org.restlet.routing.Router.doHandle(Router.java:422)
at org.restlet.routing.Router.handle(Router.java:641)
at org.restlet.routing.Filter.doHandle(Filter.java:150)
at org.restlet.engine.application.StatusFilter.doHandle(StatusFilter.java:140)
at org.restlet.routing.Filter.handle(Filter.java:197)
at org.restlet.routing.Filter.doHandle(Filter.java:150)
at org.restlet.routing.Filter.handle(Filter.java:197)
at org.restlet.engine.CompositeHelper.handle(CompositeHelper.java:202)
at org.restlet.Component.handle(Component.java:408)
at org.restlet.Server.handle(Server.java:507)
at org.restlet.engine.connector.ServerHelper.handle(ServerHelper.java:63)
at org.restlet.engine.adapter.HttpServerHelper.handle(HttpServerHelper.java:143)
at org.restlet.engine.connector.HttpServerHelper$1.handle(HttpServerHelper.java:64)
at com.sun.net.httpserver.Filter$Chain.doFilter(Unknown Source)
at sun.net.httpserver.AuthFilter.doFilter(Unknown Source)
at com.sun.net.httpserver.Filter$Chain.doFilter(Unknown Source)
at sun.net.httpserver.ServerImpl$Exchange$LinkHandler.handle(Unknown Source)
at com.sun.net.httpserver.Filter$Chain.doFilter(Unknown Source)
at sun.net.httpserver.ServerImpl$Exchange.run(Unknown Source)
at java.util.concurrent.ThreadPoolExecutor.runWorker(Unknown Source)
at java.util.concurrent.ThreadPoolExecutor$Worker.run(Unknown Source)
at java.lang.Thread.run(Unknown Source)
... Removed 37 stack frames]]>
    </failure>
  </testcase> <!-- @BeforeMethod setUp -->
  <testcase classname="MavenTest.EFORMS.EFTP95" name="@AfterMethod tearDown" time="0.0">
    <skipped/>
  </testcase> <!-- @AfterMethod tearDown -->
  <testcase classname="MavenTest.EFORMS.EFTP95" name="EFTP96" time="0.0">
    <skipped/>
  </testcase> <!-- EFTP96 -->
</testsuite> <!-- AppTest -->
