<?xml version="1.0" encoding="UTF-8"?>
<testng-results total="1" passed="1" failed="0" skipped="0">
  <reporter-output>
  </reporter-output>
  <suite started-at="2019-04-10T15:56:57Z" name="Default suite" finished-at="2019-04-10T15:58:03Z" duration-ms="65724">
    <groups>
    </groups>
    <test started-at="2019-04-10T15:56:57Z" name="Default test" finished-at="2019-04-10T15:58:03Z" duration-ms="65724">
      <class name="MavenTest.EFORMS.EFTP97_Cliquer_sur_Camera">
        <test-method is-config="true" signature="setUp()[pri:0, instance:MavenTest.EFORMS.EFTP97_Cliquer_sur_Camera@5ab9e72c]" started-at="2019-04-10T16:56:57Z" name="setUp" finished-at="2019-04-10T16:57:36Z" duration-ms="38938" status="PASS">
          <reporter-output>
          </reporter-output>
        </test-method> <!-- setUp -->
        <test-method signature="testUntitled()[pri:0, instance:MavenTest.EFORMS.EFTP97_Cliquer_sur_Camera@5ab9e72c]" started-at="2019-04-10T16:57:36Z" name="testUntitled" finished-at="2019-04-10T16:57:53Z" duration-ms="16424" status="PASS">
          <reporter-output>
          </reporter-output>
        </test-method> <!-- testUntitled -->
        <test-method is-config="true" signature="tearDown()[pri:0, instance:MavenTest.EFORMS.EFTP97_Cliquer_sur_Camera@5ab9e72c]" started-at="2019-04-10T16:57:53Z" name="tearDown" finished-at="2019-04-10T16:58:03Z" duration-ms="10334" status="PASS">
          <reporter-output>
          </reporter-output>
        </test-method> <!-- tearDown -->
      </class> <!-- MavenTest.EFORMS.EFTP97_Cliquer_sur_Camera -->
    </test> <!-- Default test -->
  </suite> <!-- Default suite -->
</testng-results>
