<?xml version="1.0" encoding="UTF-8"?>
<testng-results ignored="0" total="1" passed="1" failed="0" skipped="0">
  <reporter-output>
  </reporter-output>
  <suite started-at="2019-04-12T10:15:03Z" name="Default suite" finished-at="2019-04-12T10:15:46Z" duration-ms="43151">
    <groups>
    </groups>
    <test started-at="2019-04-12T10:15:03Z" name="Default test" finished-at="2019-04-12T10:15:46Z" duration-ms="43151">
      <class name="MavenTest.EFORMS.EFTP97_Cliquer_sur_Camera">
        <test-method is-config="true" signature="setUp()[pri:0, instance:MavenTest.EFORMS.EFTP97_Cliquer_sur_Camera@40cb8df7]" started-at="2019-04-12T10:15:03Z" name="setUp" finished-at="2019-04-12T10:15:22Z" duration-ms="19387" status="PASS">
          <reporter-output>
          </reporter-output>
        </test-method> <!-- setUp -->
        <test-method signature="testUntitled()[pri:0, instance:MavenTest.EFORMS.EFTP97_Cliquer_sur_Camera@40cb8df7]" started-at="2019-04-12T10:15:22Z" name="testUntitled" finished-at="2019-04-12T10:15:39Z" duration-ms="16295" status="PASS">
          <reporter-output>
          </reporter-output>
        </test-method> <!-- testUntitled -->
        <test-method is-config="true" signature="tearDown()[pri:0, instance:MavenTest.EFORMS.EFTP97_Cliquer_sur_Camera@40cb8df7]" started-at="2019-04-12T10:15:39Z" name="tearDown" finished-at="2019-04-12T10:15:46Z" duration-ms="7438" status="PASS">
          <reporter-output>
          </reporter-output>
        </test-method> <!-- tearDown -->
      </class> <!-- MavenTest.EFORMS.EFTP97_Cliquer_sur_Camera -->
    </test> <!-- Default test -->
  </suite> <!-- Default suite -->
</testng-results>
